D:\WORK\WORKSPACE\WORKSPACE_VISUALSTUDIO\HTTP\NGINX-1.6.0\WIN\DEBUG\NGX_INET.OBJ
D:\WORK\WORKSPACE\WORKSPACE_VISUALSTUDIO\HTTP\NGINX-1.6.0\WIN\DEBUG\NGX_LIST.OBJ
D:\WORK\WORKSPACE\WORKSPACE_VISUALSTUDIO\HTTP\NGINX-1.6.0\WIN\DEBUG\NGX_LOG.OBJ
D:\WORK\WORKSPACE\WORKSPACE_VISUALSTUDIO\HTTP\NGINX-1.6.0\WIN\DEBUG\NGX_MD5.OBJ
D:\WORK\WORKSPACE\WORKSPACE_VISUALSTUDIO\HTTP\NGINX-1.6.0\WIN\DEBUG\NGX_MURMURHASH.OBJ
D:\WORK\WORKSPACE\WORKSPACE_VISUALSTUDIO\HTTP\NGINX-1.6.0\WIN\DEBUG\NGX_PALLOC.OBJ
D:\WORK\WORKSPACE\WORKSPACE_VISUALSTUDIO\HTTP\NGINX-1.6.0\WIN\DEBUG\NGX_PARSE.OBJ
D:\WORK\WORKSPACE\WORKSPACE_VISUALSTUDIO\HTTP\NGINX-1.6.0\WIN\DEBUG\NGX_PROXY_PROTOCOL.OBJ
D:\WORK\WORKSPACE\WORKSPACE_VISUALSTUDIO\HTTP\NGINX-1.6.0\WIN\DEBUG\NGX_QUEUE.OBJ
D:\WORK\WORKSPACE\WORKSPACE_VISUALSTUDIO\HTTP\NGINX-1.6.0\WIN\DEBUG\NGX_RADIX_TREE.OBJ
D:\WORK\WORKSPACE\WORKSPACE_VISUALSTUDIO\HTTP\NGINX-1.6.0\WIN\DEBUG\NGX_RBTREE.OBJ
D:\WORK\WORKSPACE\WORKSPACE_VISUALSTUDIO\HTTP\NGINX-1.6.0\WIN\DEBUG\NGX_SHMTX.OBJ
D:\WORK\WORKSPACE\WORKSPACE_VISUALSTUDIO\HTTP\NGINX-1.6.0\WIN\DEBUG\NGX_SLAB.OBJ
D:\WORK\WORKSPACE\WORKSPACE_VISUALSTUDIO\HTTP\NGINX-1.6.0\WIN\DEBUG\NGX_SPINLOCK.OBJ
D:\WORK\WORKSPACE\WORKSPACE_VISUALSTUDIO\HTTP\NGINX-1.6.0\WIN\DEBUG\NGX_STRING.OBJ
D:\WORK\WORKSPACE\WORKSPACE_VISUALSTUDIO\HTTP\NGINX-1.6.0\WIN\DEBUG\NGX_TIMES.OBJ
D:\WORK\WORKSPACE\WORKSPACE_VISUALSTUDIO\HTTP\NGINX-1.6.0\WIN\DEBUG\NGINX.OBJ
D:\WORK\WORKSPACE\WORKSPACE_VISUALSTUDIO\HTTP\NGINX-1.6.0\WIN\DEBUG\NGX_ARRAY.OBJ
D:\WORK\WORKSPACE\WORKSPACE_VISUALSTUDIO\HTTP\NGINX-1.6.0\WIN\DEBUG\NGX_BUF.OBJ
D:\WORK\WORKSPACE\WORKSPACE_VISUALSTUDIO\HTTP\NGINX-1.6.0\WIN\DEBUG\NGX_CONF_FILE.OBJ
D:\WORK\WORKSPACE\WORKSPACE_VISUALSTUDIO\HTTP\NGINX-1.6.0\WIN\DEBUG\NGX_CPUINFO.OBJ
D:\WORK\WORKSPACE\WORKSPACE_VISUALSTUDIO\HTTP\NGINX-1.6.0\WIN\DEBUG\NGX_CRC32.OBJ
D:\WORK\WORKSPACE\WORKSPACE_VISUALSTUDIO\HTTP\NGINX-1.6.0\WIN\DEBUG\NGX_CRYPT.OBJ
D:\WORK\WORKSPACE\WORKSPACE_VISUALSTUDIO\HTTP\NGINX-1.6.0\WIN\DEBUG\NGX_FILE.OBJ
D:\WORK\WORKSPACE\WORKSPACE_VISUALSTUDIO\HTTP\NGINX-1.6.0\WIN\DEBUG\NGX_HASH.OBJ
D:\WORK\WORKSPACE\WORKSPACE_VISUALSTUDIO\HTTP\NGINX-1.6.0\WIN\DEBUG\NGX_OPEN_FILE_CACHE.OBJ
D:\WORK\WORKSPACE\WORKSPACE_VISUALSTUDIO\HTTP\NGINX-1.6.0\WIN\DEBUG\NGX_OUTPUT_CHAIN.OBJ
D:\WORK\WORKSPACE\WORKSPACE_VISUALSTUDIO\HTTP\NGINX-1.6.0\WIN\DEBUG\NGX_RESOLVER.OBJ
D:\WORK\WORKSPACE\WORKSPACE_VISUALSTUDIO\HTTP\NGINX-1.6.0\WIN\DEBUG\NGX_CONNECTION.OBJ
D:\WORK\WORKSPACE\WORKSPACE_VISUALSTUDIO\HTTP\NGINX-1.6.0\WIN\DEBUG\NGX_CYCLE.OBJ
D:\WORK\WORKSPACE\WORKSPACE_VISUALSTUDIO\HTTP\NGINX-1.6.0\WIN\DEBUG\VC110.PDB
D:\WORK\WORKSPACE\WORKSPACE_VISUALSTUDIO\HTTP\NGINX-1.6.0\WIN\DEBUG\NGX_HTTP_WRITE_FILTER_MODULE.OBJ
D:\WORK\WORKSPACE\WORKSPACE_VISUALSTUDIO\HTTP\NGINX-1.6.0\WIN\DEBUG\NGX_ALLOC.OBJ
D:\WORK\WORKSPACE\WORKSPACE_VISUALSTUDIO\HTTP\NGINX-1.6.0\WIN\DEBUG\NGX_ERRNO.OBJ
D:\WORK\WORKSPACE\WORKSPACE_VISUALSTUDIO\HTTP\NGINX-1.6.0\WIN\DEBUG\NGX_EVENT_LOG.OBJ
D:\WORK\WORKSPACE\WORKSPACE_VISUALSTUDIO\HTTP\NGINX-1.6.0\WIN\DEBUG\NGX_FILES.OBJ
D:\WORK\WORKSPACE\WORKSPACE_VISUALSTUDIO\HTTP\NGINX-1.6.0\WIN\DEBUG\NGX_PROCESS.OBJ
D:\WORK\WORKSPACE\WORKSPACE_VISUALSTUDIO\HTTP\NGINX-1.6.0\WIN\DEBUG\NGX_PROCESS_CYCLE.OBJ
D:\WORK\WORKSPACE\WORKSPACE_VISUALSTUDIO\HTTP\NGINX-1.6.0\WIN\DEBUG\NGX_SHMEM.OBJ
D:\WORK\WORKSPACE\WORKSPACE_VISUALSTUDIO\HTTP\NGINX-1.6.0\WIN\DEBUG\NGX_SOCKET.OBJ
D:\WORK\WORKSPACE\WORKSPACE_VISUALSTUDIO\HTTP\NGINX-1.6.0\WIN\DEBUG\NGX_STAT.OBJ
D:\WORK\WORKSPACE\WORKSPACE_VISUALSTUDIO\HTTP\NGINX-1.6.0\WIN\DEBUG\NGX_THREAD.OBJ
D:\WORK\WORKSPACE\WORKSPACE_VISUALSTUDIO\HTTP\NGINX-1.6.0\WIN\DEBUG\NGX_TIME.OBJ
D:\WORK\WORKSPACE\WORKSPACE_VISUALSTUDIO\HTTP\NGINX-1.6.0\WIN\DEBUG\NGX_UDP_WSARECV.OBJ
D:\WORK\WORKSPACE\WORKSPACE_VISUALSTUDIO\HTTP\NGINX-1.6.0\WIN\DEBUG\NGX_USER.OBJ
D:\WORK\WORKSPACE\WORKSPACE_VISUALSTUDIO\HTTP\NGINX-1.6.0\WIN\DEBUG\NGX_WIN32_INIT.OBJ
D:\WORK\WORKSPACE\WORKSPACE_VISUALSTUDIO\HTTP\NGINX-1.6.0\WIN\DEBUG\NGX_WSARECV.OBJ
D:\WORK\WORKSPACE\WORKSPACE_VISUALSTUDIO\HTTP\NGINX-1.6.0\WIN\DEBUG\NGX_WSARECV_CHAIN.OBJ
D:\WORK\WORKSPACE\WORKSPACE_VISUALSTUDIO\HTTP\NGINX-1.6.0\WIN\DEBUG\NGX_WSASEND.OBJ
D:\WORK\WORKSPACE\WORKSPACE_VISUALSTUDIO\HTTP\NGINX-1.6.0\WIN\DEBUG\NGX_WSASEND_CHAIN.OBJ
D:\WORK\WORKSPACE\WORKSPACE_VISUALSTUDIO\HTTP\NGINX-1.6.0\WIN\DEBUG\NGX_HTTP.OBJ
D:\WORK\WORKSPACE\WORKSPACE_VISUALSTUDIO\HTTP\NGINX-1.6.0\WIN\DEBUG\NGX_HTTP_BUSY_LOCK.OBJ
D:\WORK\WORKSPACE\WORKSPACE_VISUALSTUDIO\HTTP\NGINX-1.6.0\WIN\DEBUG\NGX_HTTP_COPY_FILTER_MODULE.OBJ
D:\WORK\WORKSPACE\WORKSPACE_VISUALSTUDIO\HTTP\NGINX-1.6.0\WIN\DEBUG\NGX_HTTP_CORE_MODULE.OBJ
D:\WORK\WORKSPACE\WORKSPACE_VISUALSTUDIO\HTTP\NGINX-1.6.0\WIN\DEBUG\NGX_HTTP_FILE_CACHE.OBJ
D:\WORK\WORKSPACE\WORKSPACE_VISUALSTUDIO\HTTP\NGINX-1.6.0\WIN\DEBUG\NGX_HTTP_HEADER_FILTER_MODULE.OBJ
D:\WORK\WORKSPACE\WORKSPACE_VISUALSTUDIO\HTTP\NGINX-1.6.0\WIN\DEBUG\NGX_HTTP_PARSE.OBJ
D:\WORK\WORKSPACE\WORKSPACE_VISUALSTUDIO\HTTP\NGINX-1.6.0\WIN\DEBUG\NGX_HTTP_PARSE_TIME.OBJ
D:\WORK\WORKSPACE\WORKSPACE_VISUALSTUDIO\HTTP\NGINX-1.6.0\WIN\DEBUG\NGX_HTTP_POSTPONE_FILTER_MODULE.OBJ
D:\WORK\WORKSPACE\WORKSPACE_VISUALSTUDIO\HTTP\NGINX-1.6.0\WIN\DEBUG\NGX_HTTP_REQUEST.OBJ
D:\WORK\WORKSPACE\WORKSPACE_VISUALSTUDIO\HTTP\NGINX-1.6.0\WIN\DEBUG\NGX_HTTP_REQUEST_BODY.OBJ
D:\WORK\WORKSPACE\WORKSPACE_VISUALSTUDIO\HTTP\NGINX-1.6.0\WIN\DEBUG\NGX_HTTP_SCRIPT.OBJ
D:\WORK\WORKSPACE\WORKSPACE_VISUALSTUDIO\HTTP\NGINX-1.6.0\WIN\DEBUG\NGX_HTTP_SPECIAL_RESPONSE.OBJ
D:\WORK\WORKSPACE\WORKSPACE_VISUALSTUDIO\HTTP\NGINX-1.6.0\WIN\DEBUG\NGX_HTTP_UPSTREAM.OBJ
D:\WORK\WORKSPACE\WORKSPACE_VISUALSTUDIO\HTTP\NGINX-1.6.0\WIN\DEBUG\NGX_HTTP_UPSTREAM_ROUND_ROBIN.OBJ
D:\WORK\WORKSPACE\WORKSPACE_VISUALSTUDIO\HTTP\NGINX-1.6.0\WIN\DEBUG\NGX_HTTP_VARIABLES.OBJ
D:\WORK\WORKSPACE\WORKSPACE_VISUALSTUDIO\HTTP\NGINX-1.6.0\WIN\DEBUG\NGX_HTTP_NOT_MODIFIED_FILTER_MODULE.OBJ
D:\WORK\WORKSPACE\WORKSPACE_VISUALSTUDIO\HTTP\NGINX-1.6.0\WIN\DEBUG\NGX_HTTP_PROXY_MODULE.OBJ
D:\WORK\WORKSPACE\WORKSPACE_VISUALSTUDIO\HTTP\NGINX-1.6.0\WIN\DEBUG\NGX_HTTP_RANDOM_INDEX_MODULE.OBJ
D:\WORK\WORKSPACE\WORKSPACE_VISUALSTUDIO\HTTP\NGINX-1.6.0\WIN\DEBUG\NGX_HTTP_RANGE_FILTER_MODULE.OBJ
D:\WORK\WORKSPACE\WORKSPACE_VISUALSTUDIO\HTTP\NGINX-1.6.0\WIN\DEBUG\NGX_HTTP_REFERER_MODULE.OBJ
D:\WORK\WORKSPACE\WORKSPACE_VISUALSTUDIO\HTTP\NGINX-1.6.0\WIN\DEBUG\NGX_HTTP_SCGI_MODULE.OBJ
D:\WORK\WORKSPACE\WORKSPACE_VISUALSTUDIO\HTTP\NGINX-1.6.0\WIN\DEBUG\NGX_HTTP_SECURE_LINK_MODULE.OBJ
D:\WORK\WORKSPACE\WORKSPACE_VISUALSTUDIO\HTTP\NGINX-1.6.0\WIN\DEBUG\NGX_HTTP_SPLIT_CLIENTS_MODULE.OBJ
D:\WORK\WORKSPACE\WORKSPACE_VISUALSTUDIO\HTTP\NGINX-1.6.0\WIN\DEBUG\NGX_HTTP_SSI_FILTER_MODULE.OBJ
D:\WORK\WORKSPACE\WORKSPACE_VISUALSTUDIO\HTTP\NGINX-1.6.0\WIN\DEBUG\NGX_HTTP_STATIC_MODULE.OBJ
D:\WORK\WORKSPACE\WORKSPACE_VISUALSTUDIO\HTTP\NGINX-1.6.0\WIN\DEBUG\NGX_HTTP_SUB_FILTER_MODULE.OBJ
D:\WORK\WORKSPACE\WORKSPACE_VISUALSTUDIO\HTTP\NGINX-1.6.0\WIN\DEBUG\NGX_HTTP_UPSTREAM_IP_HASH_MODULE.OBJ
D:\WORK\WORKSPACE\WORKSPACE_VISUALSTUDIO\HTTP\NGINX-1.6.0\WIN\DEBUG\NGX_HTTP_UPSTREAM_KEEPALIVE_MODULE.OBJ
D:\WORK\WORKSPACE\WORKSPACE_VISUALSTUDIO\HTTP\NGINX-1.6.0\WIN\DEBUG\NGX_HTTP_UPSTREAM_LEAST_CONN_MODULE.OBJ
D:\WORK\WORKSPACE\WORKSPACE_VISUALSTUDIO\HTTP\NGINX-1.6.0\WIN\DEBUG\NGX_HTTP_USERID_FILTER_MODULE.OBJ
D:\WORK\WORKSPACE\WORKSPACE_VISUALSTUDIO\HTTP\NGINX-1.6.0\WIN\DEBUG\NGX_HTTP_UWSGI_MODULE.OBJ
D:\WORK\WORKSPACE\WORKSPACE_VISUALSTUDIO\HTTP\NGINX-1.6.0\WIN\DEBUG\NGX_HTTP_CHUNKED_FILTER_MODULE.OBJ
D:\WORK\WORKSPACE\WORKSPACE_VISUALSTUDIO\HTTP\NGINX-1.6.0\WIN\DEBUG\NGX_HTTP_DEGRADATION_MODULE.OBJ
D:\WORK\WORKSPACE\WORKSPACE_VISUALSTUDIO\HTTP\NGINX-1.6.0\WIN\DEBUG\NGX_HTTP_EMPTY_GIF_MODULE.OBJ
D:\WORK\WORKSPACE\WORKSPACE_VISUALSTUDIO\HTTP\NGINX-1.6.0\WIN\DEBUG\NGX_HTTP_FASTCGI_MODULE.OBJ
D:\WORK\WORKSPACE\WORKSPACE_VISUALSTUDIO\HTTP\NGINX-1.6.0\WIN\DEBUG\NGX_HTTP_FLV_MODULE.OBJ
D:\WORK\WORKSPACE\WORKSPACE_VISUALSTUDIO\HTTP\NGINX-1.6.0\WIN\DEBUG\NGX_HTTP_GEO_MODULE.OBJ
D:\WORK\WORKSPACE\WORKSPACE_VISUALSTUDIO\HTTP\NGINX-1.6.0\WIN\DEBUG\NGX_HTTP_HEADERS_FILTER_MODULE.OBJ
D:\WORK\WORKSPACE\WORKSPACE_VISUALSTUDIO\HTTP\NGINX-1.6.0\WIN\DEBUG\NGX_HTTP_INDEX_MODULE.OBJ
D:\WORK\WORKSPACE\WORKSPACE_VISUALSTUDIO\HTTP\NGINX-1.6.0\WIN\DEBUG\NGX_HTTP_LIMIT_CONN_MODULE.OBJ
D:\WORK\WORKSPACE\WORKSPACE_VISUALSTUDIO\HTTP\NGINX-1.6.0\WIN\DEBUG\NGX_HTTP_LIMIT_REQ_MODULE.OBJ
D:\WORK\WORKSPACE\WORKSPACE_VISUALSTUDIO\HTTP\NGINX-1.6.0\WIN\DEBUG\NGX_HTTP_LOG_MODULE.OBJ
D:\WORK\WORKSPACE\WORKSPACE_VISUALSTUDIO\HTTP\NGINX-1.6.0\WIN\DEBUG\NGX_HTTP_MAP_MODULE.OBJ
D:\WORK\WORKSPACE\WORKSPACE_VISUALSTUDIO\HTTP\NGINX-1.6.0\WIN\DEBUG\NGX_HTTP_MEMCACHED_MODULE.OBJ
D:\WORK\WORKSPACE\WORKSPACE_VISUALSTUDIO\HTTP\NGINX-1.6.0\WIN\DEBUG\NGX_HTTP_MP4_MODULE.OBJ
D:\WORK\WORKSPACE\WORKSPACE_VISUALSTUDIO\HTTP\NGINX-1.6.0\WIN\DEBUG\NGX_WIN32_SELECT_MODULE.OBJ
D:\WORK\WORKSPACE\WORKSPACE_VISUALSTUDIO\HTTP\NGINX-1.6.0\WIN\DEBUG\NGX_EVENT.OBJ
D:\WORK\WORKSPACE\WORKSPACE_VISUALSTUDIO\HTTP\NGINX-1.6.0\WIN\DEBUG\NGX_EVENT_ACCEPT.OBJ
D:\WORK\WORKSPACE\WORKSPACE_VISUALSTUDIO\HTTP\NGINX-1.6.0\WIN\DEBUG\NGX_EVENT_ACCEPTEX.OBJ
D:\WORK\WORKSPACE\WORKSPACE_VISUALSTUDIO\HTTP\NGINX-1.6.0\WIN\DEBUG\NGX_EVENT_BUSY_LOCK.OBJ
D:\WORK\WORKSPACE\WORKSPACE_VISUALSTUDIO\HTTP\NGINX-1.6.0\WIN\DEBUG\NGX_EVENT_CONNECT.OBJ
D:\WORK\WORKSPACE\WORKSPACE_VISUALSTUDIO\HTTP\NGINX-1.6.0\WIN\DEBUG\NGX_EVENT_MUTEX.OBJ
D:\WORK\WORKSPACE\WORKSPACE_VISUALSTUDIO\HTTP\NGINX-1.6.0\WIN\DEBUG\NGX_EVENT_PIPE.OBJ
D:\WORK\WORKSPACE\WORKSPACE_VISUALSTUDIO\HTTP\NGINX-1.6.0\WIN\DEBUG\NGX_EVENT_POSTED.OBJ
D:\WORK\WORKSPACE\WORKSPACE_VISUALSTUDIO\HTTP\NGINX-1.6.0\WIN\DEBUG\NGX_EVENT_TIMER.OBJ
D:\WORK\WORKSPACE\WORKSPACE_VISUALSTUDIO\HTTP\NGINX-1.6.0\WIN\DEBUG\NGX_HTTP_ACCESS_MODULE.OBJ
D:\WORK\WORKSPACE\WORKSPACE_VISUALSTUDIO\HTTP\NGINX-1.6.0\WIN\DEBUG\NGX_HTTP_ADDITION_FILTER_MODULE.OBJ
D:\WORK\WORKSPACE\WORKSPACE_VISUALSTUDIO\HTTP\NGINX-1.6.0\WIN\DEBUG\NGX_HTTP_AUTH_BASIC_MODULE.OBJ
D:\WORK\WORKSPACE\WORKSPACE_VISUALSTUDIO\HTTP\NGINX-1.6.0\WIN\DEBUG\NGX_HTTP_AUTH_REQUEST_MODULE.OBJ
D:\WORK\WORKSPACE\WORKSPACE_VISUALSTUDIO\HTTP\NGINX-1.6.0\WIN\DEBUG\NGX_HTTP_AUTOINDEX_MODULE.OBJ
D:\WORK\WORKSPACE\WORKSPACE_VISUALSTUDIO\HTTP\NGINX-1.6.0\WIN\DEBUG\NGX_HTTP_BROWSER_MODULE.OBJ
D:\WORK\WORKSPACE\WORKSPACE_VISUALSTUDIO\HTTP\NGINX-1.6.0\WIN\DEBUG\NGX_HTTP_CHARSET_FILTER_MODULE.OBJ
D:\WORK\WORKSPACE\WORKSPACE_VISUALSTUDIO\HTTP\NGINX-1.6.0\WIN\DEBUG\NGX_IOCP_MODULE.OBJ
D:\Work\workspace\workspace_visualstudio\http\nginx-1.6.0\win\Debug\nginx.obj
D:\Work\workspace\workspace_visualstudio\http\nginx-1.6.0\win\Debug\ngx_alloc.obj
D:\Work\workspace\workspace_visualstudio\http\nginx-1.6.0\win\Debug\ngx_array.obj
D:\Work\workspace\workspace_visualstudio\http\nginx-1.6.0\win\Debug\ngx_buf.obj
D:\Work\workspace\workspace_visualstudio\http\nginx-1.6.0\win\Debug\ngx_conf_file.obj
D:\Work\workspace\workspace_visualstudio\http\nginx-1.6.0\win\Debug\ngx_connection.obj
D:\Work\workspace\workspace_visualstudio\http\nginx-1.6.0\win\Debug\ngx_cpuinfo.obj
D:\Work\workspace\workspace_visualstudio\http\nginx-1.6.0\win\Debug\ngx_crc32.obj
D:\Work\workspace\workspace_visualstudio\http\nginx-1.6.0\win\Debug\ngx_crypt.obj
D:\Work\workspace\workspace_visualstudio\http\nginx-1.6.0\win\Debug\ngx_cycle.obj
D:\Work\workspace\workspace_visualstudio\http\nginx-1.6.0\win\Debug\ngx_errno.obj
D:\Work\workspace\workspace_visualstudio\http\nginx-1.6.0\win\Debug\ngx_event.obj
D:\Work\workspace\workspace_visualstudio\http\nginx-1.6.0\win\Debug\ngx_event_accept.obj
D:\Work\workspace\workspace_visualstudio\http\nginx-1.6.0\win\Debug\ngx_event_acceptex.obj
D:\Work\workspace\workspace_visualstudio\http\nginx-1.6.0\win\Debug\ngx_event_busy_lock.obj
D:\Work\workspace\workspace_visualstudio\http\nginx-1.6.0\win\Debug\ngx_event_connect.obj
D:\Work\workspace\workspace_visualstudio\http\nginx-1.6.0\win\Debug\ngx_event_log.obj
D:\Work\workspace\workspace_visualstudio\http\nginx-1.6.0\win\Debug\ngx_event_mutex.obj
D:\Work\workspace\workspace_visualstudio\http\nginx-1.6.0\win\Debug\ngx_event_pipe.obj
D:\Work\workspace\workspace_visualstudio\http\nginx-1.6.0\win\Debug\ngx_event_posted.obj
D:\Work\workspace\workspace_visualstudio\http\nginx-1.6.0\win\Debug\ngx_event_timer.obj
D:\Work\workspace\workspace_visualstudio\http\nginx-1.6.0\win\Debug\ngx_file.obj
D:\Work\workspace\workspace_visualstudio\http\nginx-1.6.0\win\Debug\ngx_files.obj
D:\Work\workspace\workspace_visualstudio\http\nginx-1.6.0\win\Debug\ngx_hash.obj
D:\Work\workspace\workspace_visualstudio\http\nginx-1.6.0\win\Debug\ngx_http.obj
D:\Work\workspace\workspace_visualstudio\http\nginx-1.6.0\win\Debug\ngx_http_access_module.obj
D:\Work\workspace\workspace_visualstudio\http\nginx-1.6.0\win\Debug\ngx_http_addition_filter_module.obj
D:\Work\workspace\workspace_visualstudio\http\nginx-1.6.0\win\Debug\ngx_http_auth_basic_module.obj
D:\Work\workspace\workspace_visualstudio\http\nginx-1.6.0\win\Debug\ngx_http_auth_request_module.obj
D:\Work\workspace\workspace_visualstudio\http\nginx-1.6.0\win\Debug\ngx_http_autoindex_module.obj
D:\Work\workspace\workspace_visualstudio\http\nginx-1.6.0\win\Debug\ngx_http_browser_module.obj
D:\Work\workspace\workspace_visualstudio\http\nginx-1.6.0\win\Debug\ngx_http_busy_lock.obj
D:\Work\workspace\workspace_visualstudio\http\nginx-1.6.0\win\Debug\ngx_http_charset_filter_module.obj
D:\Work\workspace\workspace_visualstudio\http\nginx-1.6.0\win\Debug\ngx_http_chunked_filter_module.obj
D:\Work\workspace\workspace_visualstudio\http\nginx-1.6.0\win\Debug\ngx_http_copy_filter_module.obj
D:\Work\workspace\workspace_visualstudio\http\nginx-1.6.0\win\Debug\ngx_http_core_module.obj
D:\Work\workspace\workspace_visualstudio\http\nginx-1.6.0\win\Debug\ngx_http_degradation_module.obj
D:\Work\workspace\workspace_visualstudio\http\nginx-1.6.0\win\Debug\ngx_http_empty_gif_module.obj
D:\Work\workspace\workspace_visualstudio\http\nginx-1.6.0\win\Debug\ngx_http_fastcgi_module.obj
D:\Work\workspace\workspace_visualstudio\http\nginx-1.6.0\win\Debug\ngx_http_file_cache.obj
D:\Work\workspace\workspace_visualstudio\http\nginx-1.6.0\win\Debug\ngx_http_flv_module.obj
D:\Work\workspace\workspace_visualstudio\http\nginx-1.6.0\win\Debug\ngx_http_geo_module.obj
D:\Work\workspace\workspace_visualstudio\http\nginx-1.6.0\win\Debug\ngx_http_headers_filter_module.obj
D:\Work\workspace\workspace_visualstudio\http\nginx-1.6.0\win\Debug\ngx_http_header_filter_module.obj
D:\Work\workspace\workspace_visualstudio\http\nginx-1.6.0\win\Debug\ngx_http_index_module.obj
D:\Work\workspace\workspace_visualstudio\http\nginx-1.6.0\win\Debug\ngx_http_limit_conn_module.obj
D:\Work\workspace\workspace_visualstudio\http\nginx-1.6.0\win\Debug\ngx_http_limit_req_module.obj
D:\Work\workspace\workspace_visualstudio\http\nginx-1.6.0\win\Debug\ngx_http_log_module.obj
D:\Work\workspace\workspace_visualstudio\http\nginx-1.6.0\win\Debug\ngx_http_map_module.obj
D:\Work\workspace\workspace_visualstudio\http\nginx-1.6.0\win\Debug\ngx_http_memcached_module.obj
D:\Work\workspace\workspace_visualstudio\http\nginx-1.6.0\win\Debug\ngx_http_mp4_module.obj
D:\Work\workspace\workspace_visualstudio\http\nginx-1.6.0\win\Debug\ngx_http_not_modified_filter_module.obj
D:\Work\workspace\workspace_visualstudio\http\nginx-1.6.0\win\Debug\ngx_http_parse.obj
D:\Work\workspace\workspace_visualstudio\http\nginx-1.6.0\win\Debug\ngx_http_parse_time.obj
D:\Work\workspace\workspace_visualstudio\http\nginx-1.6.0\win\Debug\ngx_http_postpone_filter_module.obj
D:\Work\workspace\workspace_visualstudio\http\nginx-1.6.0\win\Debug\ngx_http_proxy_module.obj
D:\Work\workspace\workspace_visualstudio\http\nginx-1.6.0\win\Debug\ngx_http_random_index_module.obj
D:\Work\workspace\workspace_visualstudio\http\nginx-1.6.0\win\Debug\ngx_http_range_filter_module.obj
D:\Work\workspace\workspace_visualstudio\http\nginx-1.6.0\win\Debug\ngx_http_referer_module.obj
D:\Work\workspace\workspace_visualstudio\http\nginx-1.6.0\win\Debug\ngx_http_request.obj
D:\Work\workspace\workspace_visualstudio\http\nginx-1.6.0\win\Debug\ngx_http_request_body.obj
D:\Work\workspace\workspace_visualstudio\http\nginx-1.6.0\win\Debug\ngx_http_scgi_module.obj
D:\Work\workspace\workspace_visualstudio\http\nginx-1.6.0\win\Debug\ngx_http_script.obj
D:\Work\workspace\workspace_visualstudio\http\nginx-1.6.0\win\Debug\ngx_http_secure_link_module.obj
D:\Work\workspace\workspace_visualstudio\http\nginx-1.6.0\win\Debug\ngx_http_special_response.obj
D:\Work\workspace\workspace_visualstudio\http\nginx-1.6.0\win\Debug\ngx_http_split_clients_module.obj
D:\Work\workspace\workspace_visualstudio\http\nginx-1.6.0\win\Debug\ngx_http_ssi_filter_module.obj
D:\Work\workspace\workspace_visualstudio\http\nginx-1.6.0\win\Debug\ngx_http_static_module.obj
D:\Work\workspace\workspace_visualstudio\http\nginx-1.6.0\win\Debug\ngx_http_sub_filter_module.obj
D:\Work\workspace\workspace_visualstudio\http\nginx-1.6.0\win\Debug\ngx_http_upstream.obj
D:\Work\workspace\workspace_visualstudio\http\nginx-1.6.0\win\Debug\ngx_http_upstream_ip_hash_module.obj
D:\Work\workspace\workspace_visualstudio\http\nginx-1.6.0\win\Debug\ngx_http_upstream_keepalive_module.obj
D:\Work\workspace\workspace_visualstudio\http\nginx-1.6.0\win\Debug\ngx_http_upstream_least_conn_module.obj
D:\Work\workspace\workspace_visualstudio\http\nginx-1.6.0\win\Debug\ngx_http_upstream_round_robin.obj
D:\Work\workspace\workspace_visualstudio\http\nginx-1.6.0\win\Debug\ngx_http_userid_filter_module.obj
D:\Work\workspace\workspace_visualstudio\http\nginx-1.6.0\win\Debug\ngx_http_uwsgi_module.obj
D:\Work\workspace\workspace_visualstudio\http\nginx-1.6.0\win\Debug\ngx_http_variables.obj
D:\Work\workspace\workspace_visualstudio\http\nginx-1.6.0\win\Debug\ngx_http_write_filter_module.obj
D:\Work\workspace\workspace_visualstudio\http\nginx-1.6.0\win\Debug\ngx_inet.obj
D:\Work\workspace\workspace_visualstudio\http\nginx-1.6.0\win\Debug\ngx_iocp_module.obj
D:\Work\workspace\workspace_visualstudio\http\nginx-1.6.0\win\Debug\ngx_list.obj
D:\Work\workspace\workspace_visualstudio\http\nginx-1.6.0\win\Debug\ngx_log.obj
D:\Work\workspace\workspace_visualstudio\http\nginx-1.6.0\win\Debug\ngx_md5.obj
D:\Work\workspace\workspace_visualstudio\http\nginx-1.6.0\win\Debug\ngx_murmurhash.obj
D:\Work\workspace\workspace_visualstudio\http\nginx-1.6.0\win\Debug\ngx_open_file_cache.obj
D:\Work\workspace\workspace_visualstudio\http\nginx-1.6.0\win\Debug\ngx_output_chain.obj
D:\Work\workspace\workspace_visualstudio\http\nginx-1.6.0\win\Debug\ngx_palloc.obj
D:\Work\workspace\workspace_visualstudio\http\nginx-1.6.0\win\Debug\ngx_parse.obj
D:\Work\workspace\workspace_visualstudio\http\nginx-1.6.0\win\Debug\ngx_process.obj
D:\Work\workspace\workspace_visualstudio\http\nginx-1.6.0\win\Debug\ngx_process_cycle.obj
D:\Work\workspace\workspace_visualstudio\http\nginx-1.6.0\win\Debug\ngx_proxy_protocol.obj
D:\Work\workspace\workspace_visualstudio\http\nginx-1.6.0\win\Debug\ngx_queue.obj
D:\Work\workspace\workspace_visualstudio\http\nginx-1.6.0\win\Debug\ngx_radix_tree.obj
D:\Work\workspace\workspace_visualstudio\http\nginx-1.6.0\win\Debug\ngx_rbtree.obj
D:\Work\workspace\workspace_visualstudio\http\nginx-1.6.0\win\Debug\ngx_resolver.obj
D:\Work\workspace\workspace_visualstudio\http\nginx-1.6.0\win\Debug\ngx_shmem.obj
D:\Work\workspace\workspace_visualstudio\http\nginx-1.6.0\win\Debug\ngx_shmtx.obj
D:\Work\workspace\workspace_visualstudio\http\nginx-1.6.0\win\Debug\ngx_slab.obj
D:\Work\workspace\workspace_visualstudio\http\nginx-1.6.0\win\Debug\ngx_socket.obj
D:\Work\workspace\workspace_visualstudio\http\nginx-1.6.0\win\Debug\ngx_spinlock.obj
D:\Work\workspace\workspace_visualstudio\http\nginx-1.6.0\win\Debug\ngx_stat.obj
D:\Work\workspace\workspace_visualstudio\http\nginx-1.6.0\win\Debug\ngx_string.obj
D:\Work\workspace\workspace_visualstudio\http\nginx-1.6.0\win\Debug\ngx_thread.obj
D:\Work\workspace\workspace_visualstudio\http\nginx-1.6.0\win\Debug\ngx_time.obj
D:\Work\workspace\workspace_visualstudio\http\nginx-1.6.0\win\Debug\ngx_times.obj
D:\Work\workspace\workspace_visualstudio\http\nginx-1.6.0\win\Debug\ngx_udp_wsarecv.obj
D:\Work\workspace\workspace_visualstudio\http\nginx-1.6.0\win\Debug\ngx_user.obj
D:\Work\workspace\workspace_visualstudio\http\nginx-1.6.0\win\Debug\ngx_win32_init.obj
D:\Work\workspace\workspace_visualstudio\http\nginx-1.6.0\win\Debug\ngx_win32_select_module.obj
D:\Work\workspace\workspace_visualstudio\http\nginx-1.6.0\win\Debug\ngx_wsarecv.obj
D:\Work\workspace\workspace_visualstudio\http\nginx-1.6.0\win\Debug\ngx_wsarecv_chain.obj
D:\Work\workspace\workspace_visualstudio\http\nginx-1.6.0\win\Debug\ngx_wsasend.obj
D:\Work\workspace\workspace_visualstudio\http\nginx-1.6.0\win\Debug\ngx_wsasend_chain.obj
D:\Work\workspace\workspace_visualstudio\http\nginx-1.6.0\win\Debug\cl.command.1.tlog
D:\Work\workspace\workspace_visualstudio\http\nginx-1.6.0\win\Debug\CL.read.1.tlog
D:\Work\workspace\workspace_visualstudio\http\nginx-1.6.0\win\Debug\CL.write.1.tlog
D:\Work\workspace\workspace_visualstudio\http\nginx-1.6.0\win\Debug\link-cvtres.read.1.tlog
D:\Work\workspace\workspace_visualstudio\http\nginx-1.6.0\win\Debug\link-cvtres.write.1.tlog
D:\Work\workspace\workspace_visualstudio\http\nginx-1.6.0\win\Debug\link-rc.read.1.tlog
D:\Work\workspace\workspace_visualstudio\http\nginx-1.6.0\win\Debug\link-rc.write.1.tlog
D:\Work\workspace\workspace_visualstudio\http\nginx-1.6.0\win\Debug\link.command.1.tlog
D:\Work\workspace\workspace_visualstudio\http\nginx-1.6.0\win\Debug\link.read.1.tlog
D:\Work\workspace\workspace_visualstudio\http\nginx-1.6.0\win\Debug\link.write.1.tlog
D:\Work\workspace\workspace_visualstudio\http\nginx-1.6.0\win\Debug\vc110.idb
D:\Work\workspace\workspace_visualstudio\http\nginx-1.6.0\win\Debug\vc110.pdb
D:\Work\workspace\workspace_visualstudio\http\nginx-1.6.0\Debug\nginx-1.6.0.pdb
